This is XeTeX, Version 3.141592653-2.6-0.999998 (TeX Live 2026) (preloaded format=xelatex)
 \write18 enabled.
entering extended mode
(./_combined_manuscript.tex
LaTeX2e <2025-11-01>
L3 programming layer <2026-01-19>
(/usr/local/texlive/2026/texmf-dist/tex/latex/base/article.cls
Document Class: article 2025/01/22 v1.4n Standard LaTeX document class
(/usr/local/texlive/2026/texmf-dist/tex/latex/base/size10.clo))
(/usr/local/texlive/2026/texmf-dist/tex/latex/xcolor/xcolor.sty
(/usr/local/texlive/2026/texmf-dist/tex/latex/graphics-cfg/color.cfg)
(/usr/local/texlive/2026/texmf-dist/tex/latex/graphics-def/xetex.def)
(/usr/local/texlive/2026/texmf-dist/tex/latex/graphics/mathcolor.ltx))
(/usr/local/texlive/2026/texmf-dist/tex/latex/amsmath/amsmath.sty
For additional information on amsmath, use the `?' option.
(/usr/local/texlive/2026/texmf-dist/tex/latex/amsmath/amstext.sty
(/usr/local/texlive/2026/texmf-dist/tex/latex/amsmath/amsgen.sty))
(/usr/local/texlive/2026/texmf-dist/tex/latex/amsmath/amsbsy.sty)
(/usr/local/texlive/2026/texmf-dist/tex/latex/amsmath/amsopn.sty))
(/usr/local/texlive/2026/texmf-dist/tex/latex/amsfonts/amssymb.sty
(/usr/local/texlive/2026/texmf-dist/tex/latex/amsfonts/amsfonts.sty))
(/usr/local/texlive/2026/texmf-dist/tex/generic/iftex/iftex.sty)
(/usr/local/texlive/2026/texmf-dist/tex/latex/unicode-math/unicode-math.sty
(/usr/local/texlive/2026/texmf-dist/tex/latex/l3kernel/expl3.sty
(/usr/local/texlive/2026/texmf-dist/tex/latex/l3backend/l3backend-xetex.def))
(/usr/local/texlive/2026/texmf-dist/tex/latex/unicode-math/unicode-math-xetex.s
ty (/usr/local/texlive/2026/texmf-dist/tex/latex/l3packages/xparse/xparse.sty)
(/usr/local/texlive/2026/texmf-dist/tex/latex/l3packages/l3keys2e/l3keys2e.sty)
 (/usr/local/texlive/2026/texmf-dist/tex/latex/fontspec/fontspec.sty
(/usr/local/texlive/2026/texmf-dist/tex/latex/fontspec/fontspec-xetex.sty
(/usr/local/texlive/2026/texmf-dist/tex/latex/base/fontenc.sty)
(/usr/local/texlive/2026/texmf-dist/tex/latex/fontspec/fontspec.cfg)))
(/usr/local/texlive/2026/texmf-dist/tex/latex/base/fix-cm.sty
(/usr/local/texlive/2026/texmf-dist/tex/latex/base/ts1enc.def))
(/usr/local/texlive/2026/texmf-dist/tex/latex/unicode-math/unicode-math-table.t
ex))) (/usr/local/texlive/2026/texmf-dist/tex/latex/upquote/upquote.sty
(/usr/local/texlive/2026/texmf-dist/tex/latex/base/textcomp.sty))
(/usr/local/texlive/2026/texmf-dist/tex/latex/microtype/microtype.sty
(/usr/local/texlive/2026/texmf-dist/tex/latex/graphics/keyval.sty)
(/usr/local/texlive/2026/texmf-dist/tex/latex/etoolbox/etoolbox.sty)
(/usr/local/texlive/2026/texmf-dist/tex/latex/microtype/microtype-xetex.def)
(/usr/local/texlive/2026/texmf-dist/tex/latex/microtype/microtype.cfg))
(/usr/local/texlive/2026/texmf-dist/tex/latex/parskip/parskip.sty
(/usr/local/texlive/2026/texmf-dist/tex/latex/kvoptions/kvoptions.sty
(/usr/local/texlive/2026/texmf-dist/tex/generic/ltxcmds/ltxcmds.sty)
(/usr/local/texlive/2026/texmf-dist/tex/latex/kvsetkeys/kvsetkeys.sty)))
(/usr/local/texlive/2026/texmf-dist/tex/latex/fancyvrb/fancyvrb.sty)
(/usr/local/texlive/2026/texmf-dist/tex/latex/tools/longtable.sty)
(/usr/local/texlive/2026/texmf-dist/tex/latex/booktabs/booktabs.sty)
(/usr/local/texlive/2026/texmf-dist/tex/latex/tools/array.sty)
(/usr/local/texlive/2026/texmf-dist/tex/latex/tools/calc.sty)
(/usr/local/texlive/2026/texmf-dist/tex/latex/footnotehyper/footnotehyper.sty)
(/usr/local/texlive/2026/texmf-dist/tex/latex/graphics/graphicx.sty
(/usr/local/texlive/2026/texmf-dist/tex/latex/graphics/graphics.sty
(/usr/local/texlive/2026/texmf-dist/tex/latex/graphics/trig.sty)
(/usr/local/texlive/2026/texmf-dist/tex/latex/graphics-cfg/graphics.cfg)))
(/usr/local/texlive/2026/texmf-dist/tex/latex/natbib/natbib.sty)
(/usr/local/texlive/2026/texmf-dist/tex/latex/caption/subcaption.sty
(/usr/local/texlive/2026/texmf-dist/tex/latex/caption/caption.sty
(/usr/local/texlive/2026/texmf-dist/tex/latex/caption/caption3.sty)
(/usr/local/texlive/2026/texmf-dist/tex/latex/caption/ltcaption.sty)))
(/usr/local/texlive/2026/texmf-dist/tex/latex/float/float.sty)
(/usr/local/texlive/2026/texmf-dist/tex/latex/bookmark/bookmark.sty
(/usr/local/texlive/2026/texmf-dist/tex/latex/hyperref/hyperref.sty
(/usr/local/texlive/2026/texmf-dist/tex/generic/kvdefinekeys/kvdefinekeys.sty)
(/usr/local/texlive/2026/texmf-dist/tex/generic/pdfescape/pdfescape.sty
(/usr/local/texlive/2026/texmf-dist/tex/generic/pdftexcmds/pdftexcmds.sty
(/usr/local/texlive/2026/texmf-dist/tex/generic/infwarerr/infwarerr.sty)))
(/usr/local/texlive/2026/texmf-dist/tex/latex/hycolor/hycolor.sty)
(/usr/local/texlive/2026/texmf-dist/tex/latex/hyperref/nameref.sty
(/usr/local/texlive/2026/texmf-dist/tex/latex/refcount/refcount.sty)
(/usr/local/texlive/2026/texmf-dist/tex/generic/gettitlestring/gettitlestring.s
ty)) (/usr/local/texlive/2026/texmf-dist/tex/generic/stringenc/stringenc.sty)
(/usr/local/texlive/2026/texmf-dist/tex/latex/hyperref/pd1enc.def)
(/usr/local/texlive/2026/texmf-dist/tex/generic/intcalc/intcalc.sty)
(/usr/local/texlive/2026/texmf-dist/tex/latex/hyperref/puenc.def)
(/usr/local/texlive/2026/texmf-dist/tex/latex/url/url.sty)
(/usr/local/texlive/2026/texmf-dist/tex/generic/bitset/bitset.sty
(/usr/local/texlive/2026/texmf-dist/tex/generic/bigintcalc/bigintcalc.sty)))
(/usr/local/texlive/2026/texmf-dist/tex/latex/hyperref/hxetex.def
(/usr/local/texlive/2026/texmf-dist/tex/latex/rerunfilecheck/rerunfilecheck.sty

(/usr/local/texlive/2026/texmf-dist/tex/generic/uniquecounter/uniquecounter.sty
))) (/usr/local/texlive/2026/texmf-dist/tex/latex/bookmark/bkm-dvipdfm.def))
(/usr/local/texlive/2026/texmf-dist/tex/latex/xurl/xurl.sty)
(/usr/local/texlive/2026/texmf-dist/tex/latex/seqsplit/seqsplit.sty)
(/usr/local/texlive/2026/texmf-dist/tex/latex/geometry/geometry.sty
(/usr/local/texlive/2026/texmf-dist/tex/generic/iftex/ifvtex.sty))
(/usr/local/texlive/2026/texmf-dist/tex/latex/cleveref/cleveref.sty)
==> First Aid for cleveref.sty applied!
(./_combined_manuscript.aux)
(/usr/local/texlive/2026/texmf-dist/tex/latex/microtype/mt-LatinModernRoman.cfg
)
*geometry* driver: auto-detecting
*geometry* detected driver: xetex
[1] (./_combined_manuscript.toc
(/usr/local/texlive/2026/texmf-dist/tex/latex/amsfonts/umsa.fd)
(/usr/local/texlive/2026/texmf-dist/tex/latex/microtype/mt-msa.cfg)
(/usr/local/texlive/2026/texmf-dist/tex/latex/amsfonts/umsb.fd)
(/usr/local/texlive/2026/texmf-dist/tex/latex/microtype/mt-msb.cfg) [1])
[2] [3] [4] [5] [6] [7] [8] [9] [10] [11] [12] [13] [14] [15] [16] [17]
[18] [19] [20] [21] [22] [23] [24] [25] [26] [27] [28]
Overfull \hbox (5.50526pt too wide) in paragraph at lines 1944--1944
\TU/lmr/m/n/7 ting_started_baseline  

Overfull \hbox (38.60828pt too wide) in paragraph at lines 1945--1945
\TU/lmr/m/n/7 gap_and_misalignment_report  

Overfull \hbox (23.90826pt too wide) in paragraph at lines 1947--1947
\TU/lmr/m/n/7 gap_and_anomaly_report, 

Overfull \hbox (4.37128pt too wide) in paragraph at lines 1950--1950
\TU/lmr/m/n/7 ables_or_hypotheses, 

Overfull \hbox (17.67126pt too wide) in paragraph at lines 1952--1952
\TU/lmr/m/n/7 gap_and_conflict_report  

Overfull \hbox (0.66827pt too wide) in paragraph at lines 1954--1954
\TU/lmr/m/n/7 raw_idea_inventory, 

Overfull \hbox (54.45071pt too wide) in paragraph at lines 1956--1956
\TU/lmr/m/n/7 (who/what/when/where/why/how) 

Overfull \hbox (17.90227pt too wide) in paragraph at lines 1956--1956
\TU/lmr/m/n/7 key_unknowns_summary  

Overfull \hbox (6.04427pt too wide) in paragraph at lines 1957--1957
\TU/lmr/m/n/7 cross_impact_matrix, 

Overfull \hbox (18.91727pt too wide) in paragraph at lines 1962--1962
\TU/lmr/m/n/7 dated_indicators_matrix, 

Overfull \hbox (4.20328pt too wide) in paragraph at lines 1967--1967
\TU/lmr/m/n/7 tic_value_assessment  

Overfull \hbox (38.69926pt too wide) in paragraph at lines 1968--1968
\TU/lmr/m/n/7 load_bearing_assumption_list, 

Overfull \hbox (12.93927pt too wide) in paragraph at lines 1969--1969
\TU/lmr/m/n/7 case_comparison_table, 

Overfull \hbox (14.43727pt too wide) in paragraph at lines 1969--1969
\TU/lmr/m/n/7 lessons_and_predictions  

Overfull \hbox (5.56827pt too wide) in paragraph at lines 1972--1972
\TU/lmr/m/n/7 causal_flow_diagram, 

Overfull \hbox (7.00327pt too wide) in paragraph at lines 1972--1972
\TU/lmr/m/n/7 age_point_assessment  

Overfull \hbox (1.72527pt too wide) in paragraph at lines 1973--1973
\TU/lmr/m/n/7 plan_or_assessment, 

Overfull \hbox (11.93127pt too wide) in paragraph at lines 1975--1975
\TU/lmr/m/n/7 team_debate_summary  
 [29] [30] [31] [32] [33] [34] [35] [36] [37] [38] [39]

Package hyperref Warning: Token not allowed in a PDF string (Unicode):
(hyperref)                removing `subscript' on input line 1982.


Overfull \hbox (7.36726pt too wide) in paragraph at lines 2001--2001
\TU/lmr/m/n/7 sive_recommendations  

Overfull \hbox (9.64928pt too wide) in paragraph at lines 2004--2004
\TU/lmr/m/n/7 ing_prebunking_assets  

Overfull \hbox (3.73427pt too wide) in paragraph at lines 2006--2006
\TU/lmr/m/n/7 threat_actor_profiles  

Overfull \hbox (6.49226pt too wide) in paragraph at lines 2006--2006
\TU/lmr/m/n/7 abcd_operation_map, 

Overfull \hbox (14.45827pt too wide) in paragraph at lines 2006--2006
\TU/lmr/m/n/7 counter_operation_brief  

Overfull \hbox (16.98528pt too wide) in paragraph at lines 2007--2007
\TU/lmr/m/n/7 get_audience_indicators, 

Overfull \hbox (9.91527pt too wide) in paragraph at lines 2007--2007
\TU/lmr/m/n/7 paign_analysis_report, 

Overfull \hbox (6.37328pt too wide) in paragraph at lines 2007--2007
\TU/lmr/m/n/7 tive_taxonomy_table, 

Overfull \hbox (12.34427pt too wide) in paragraph at lines 2009--2009
\TU/lmr/m/n/7 tack_surface_narrative, 

Overfull \hbox (6.69527pt too wide) in paragraph at lines 2010--2010
\TU/lmr/m/n/7 threat_actor_context, 

Overfull \hbox (8.73227pt too wide) in paragraph at lines 2010--2010
\TU/lmr/m/n/7 ing_credibility_signals  

Overfull \hbox (15.85127pt too wide) in paragraph at lines 2010--2010
\TU/lmr/m/n/7 tion_vulnerability_audit  

Overfull \hbox (22.31227pt too wide) in paragraph at lines 2017--2017
\TU/lmr/m/n/7 nique_classification_table, 

Overfull \hbox (19.33028pt too wide) in paragraph at lines 2018--2018
\TU/lmr/m/n/7 lief_attack_surface_map, 

Overfull \hbox (20.50627pt too wide) in paragraph at lines 2019--2019
\TU/lmr/m/n/7 false_claim_or_narrative, 

Overfull \hbox (30.53728pt too wide) in paragraph at lines 2019--2019
\TU/lmr/m/n/7 counter_messaging_strategy, 

Overfull \hbox (3.44727pt too wide) in paragraph at lines 2020--2020
\TU/lmr/m/n/7 ing_assessment_data  

Overfull \hbox (8.17928pt too wide) in paragraph at lines 2020--2020
\TU/lmr/m/n/7 tion_recommendations  

Overfull \hbox (83.39572pt too wide) in paragraph at lines 2021--2021
\TU/lmr/m/n/7 (recon$[]$delivery$[]$exploitation$[]$persistence) 

Overfull \hbox (0.74527pt too wide) in paragraph at lines 2023--2023
\TU/lmr/m/n/7 known_publications, 

Overfull \hbox (35.72427pt too wide) in paragraph at lines 2024--2024
\TU/lmr/m/n/7 prior_metrics_or_assessments  
[40] [41] [42] [43] [44] [45] [46] [47]

Package hyperref Warning: Token not allowed in a PDF string (Unicode):
(hyperref)                removing `alignment tab' on input line 2029.


Package hyperref Warning: Token not allowed in a PDF string (Unicode):
(hyperref)                removing `subscript' on input line 2029.


Overfull \hbox (0.57727pt too wide) in paragraph at lines 2049--2049
\TU/lmr/m/n/7 claim_under_review  

Overfull \hbox (7.32527pt too wide) in paragraph at lines 2049--2049
\TU/lmr/m/n/7 tial_reach_assessment  

Overfull \hbox (7.36028pt too wide) in paragraph at lines 2050--2050
\TU/lmr/m/n/7 claim_evidence_table, 

Overfull \hbox (0.56659pt too wide) in paragraph at lines 2051--2051
[]|\TU/lmr/m/n/7 reproducibility 

Overfull \hbox (6.05127pt too wide) in paragraph at lines 2052--2052
\TU/lmr/m/n/7 rity_review_narrative  

Overfull \hbox (7.34627pt too wide) in paragraph at lines 2054--2054
\TU/lmr/m/n/7 tion_review_narrative  

Overfull \hbox (33.63127pt too wide) in paragraph at lines 2057--2057
\TU/lmr/m/n/7 vised_scope_recommendation  
[48] [49] [50] [51] [52]

Package hyperref Warning: Token not allowed in a PDF string (Unicode):
(hyperref)                removing `alignment tab' on input line 2064.


Package hyperref Warning: Token not allowed in a PDF string (Unicode):
(hyperref)                removing `subscript' on input line 2064.


Overfull \hbox (34.83527pt too wide) in paragraph at lines 2084--2084
\TU/lmr/m/n/7 source_reliability_assessment, 

Overfull \hbox (29.81627pt too wide) in paragraph at lines 2090--2090
\TU/lmr/m/n/7 gal_and_policy_constraints, 

Overfull \hbox (10.94427pt too wide) in paragraph at lines 2090--2090
\TU/lmr/m/n/7 source_priority_matrix  

Overfull \hbox (10.86726pt too wide) in paragraph at lines 2092--2092
\TU/lmr/m/n/7 dataset_documentation  

Overfull \hbox (1.53627pt too wide) in paragraph at lines 2092--2092
\TU/lmr/m/n/7 nance_audit_report, 

Overfull \hbox (4.42728pt too wide) in paragraph at lines 2092--2092
\TU/lmr/m/n/7 tegrity_check_results  
 [53] [54] [55] [56]

Package hyperref Warning: Token not allowed in a PDF string (Unicode):
(hyperref)                removing `alignment tab' on input line 2097.


Overfull \hbox (8.17928pt too wide) in paragraph at lines 2116--2116
\TU/lmr/m/n/7 tion_recommendations  

Overfull \hbox (24.04271pt too wide) in paragraph at lines 2117--2117
\TU/lmr/m/n/7 MOM/POP/MOSES/EVE 

Overfull \hbox (12.60327pt too wide) in paragraph at lines 2117--2117
\TU/lmr/m/n/7 tion_assessment_report  

Overfull \hbox (39.24527pt too wide) in paragraph at lines 2121--2121
\TU/lmr/m/n/7 cess_and_technical_indicators, 

Overfull \hbox (64.32626pt too wide) in paragraph at lines 2121--2121
\TU/lmr/m/n/7 sider_threat_indicator_review_report  

Overfull \hbox (1.03928pt too wide) in paragraph at lines 2122--2122
\TU/lmr/m/n/7 tion_or_description, 

Overfull \hbox (13.59027pt too wide) in paragraph at lines 2122--2122
\TU/lmr/m/n/7 tion_recognition_report  
[57] [58] [59]

Package hyperref Warning: Token not allowed in a PDF string (Unicode):
(hyperref)                removing `alignment tab' on input line 2129.


Package hyperref Warning: Token not allowed in a PDF string (Unicode):
(hyperref)                removing `subscript' on input line 2129.


Overfull \hbox (7.29727pt too wide) in paragraph at lines 2148--2148
\TU/lmr/m/n/7 tion_space_definition, 

Overfull \hbox (12.98827pt too wide) in paragraph at lines 2149--2149
\TU/lmr/m/n/7 count_activity_dataset, 

Overfull \hbox (6.80727pt too wide) in paragraph at lines 2149--2149
\TU/lmr/m/n/7 known_seed_accounts  

Overfull \hbox (2.60027pt too wide) in paragraph at lines 2150--2150
\TU/lmr/m/n/7 flow_analysis_report  

Overfull \hbox (2.82426pt too wide) in paragraph at lines 2151--2151
\TU/lmr/m/n/7 threat_actor_profile, 

Overfull \hbox (9.01227pt too wide) in paragraph at lines 2151--2151
\TU/lmr/m/n/7 prior_incident_reports  

Overfull \hbox (2.67027pt too wide) in paragraph at lines 2152--2152
\TU/lmr/m/n/7 count_classifications, 

Overfull \hbox (11.23128pt too wide) in paragraph at lines 2154--2154
\TU/lmr/m/n/7 tive_competition_map, 

Overfull \hbox (12.60327pt too wide) in paragraph at lines 2154--2154
\TU/lmr/m/n/7 tion_assessment_report  
[60] [61] [62]

Package hyperref Warning: Token not allowed in a PDF string (Unicode):
(hyperref)                removing `alignment tab' on input line 2159.


Package hyperref Warning: Token not allowed in a PDF string (Unicode):
(hyperref)                removing `subscript' on input line 2159.


Overfull \hbox (12.20427pt too wide) in paragraph at lines 2179--2179
\TU/lmr/m/n/7 graded_evidence_table, 

Overfull \hbox (36.14427pt too wide) in paragraph at lines 2179--2179
\TU/lmr/m/n/7 weight_of_evidence_summary  
[63] [64] [65]
Overfull \hbox (37.03468pt too wide) in paragraph at lines 2265--2265
[]|\TU/lmtt/m/n/10 critical_review|  

Overfull \hbox (37.03468pt too wide) in paragraph at lines 2266--2266
[]|\TU/lmtt/m/n/10 osint_integrity|  
 [66] [67] [68] [69] (./_combined_manuscript.bbl [70]) [71]
(./_combined_manuscript.aux) )
(see the transcript file for additional information)
Output written on _combined_manuscript.pdf (72 pages).
Transcript written on _combined_manuscript.log.
